[     146ms] [LOG] [Fast Refresh] rebuilding @ http://localhost:3000/_next/static/chunks/19by_next_dist_09-gqi0._.js:2477
[     182ms] [LOG] [Fast Refresh] done in 147ms @ http://localhost:3000/_next/static/chunks/19by_next_dist_09-gqi0._.js:2477
[     273ms] [LOG] %c[Vercel Speed Insights]%c [vitals] color: rgb(120, 120, 120) color: inherit {speed: 3g, metrics: Array(1), scriptVersion: 0.1.3, sdkName: @vercel/speed-insights/next, sdkVersion: 2.0.0} /_vercel/speed-insights/vitals @ http://localhost:3000/_next/static/chunks/19by_next_dist_09-gqi0._.js:2477
[     274ms] [LOG] %c[Vercel Speed Insights]%c [vitals] color: rgb(120, 120, 120) color: inherit {speed: 3g, metrics: Array(1), scriptVersion: 0.1.3, sdkName: @vercel/speed-insights/next, sdkVersion: 2.0.0} /_vercel/speed-insights/vitals @ http://localhost:3000/_next/static/chunks/19by_next_dist_09-gqi0._.js:2477
[     381ms] [INFO] %cDownload the React DevTools for a better development experience: https://react.dev/link/react-devtools font-weight:bold @ http://localhost:3000/_next/static/chunks/19by_next_dist_09-gqi0._.js:2477
[     415ms] [LOG] [HMR] connected @ http://localhost:3000/_next/static/chunks/19by_next_dist_09-gqi0._.js:2477
[     559ms] [LOG] %c[Vercel Web Analytics]%c Debug mode is enabled by default in development. No requests will be sent to the server. color: rgb(120, 120, 120) color: inherit @ http://localhost:3000/_next/static/chunks/19by_next_dist_09-gqi0._.js:2477
[     560ms] [LOG] %c[Vercel Web Analytics]%c Running queued event color: rgb(120, 120, 120) color: inherit pageview {route: /[locale]/[country]/[city], path: /es/usa/doral-fl} @ http://localhost:3000/_next/static/chunks/19by_next_dist_09-gqi0._.js:2477
[     561ms] [LOG] %c[Vercel Web Analytics]%c [view] http://localhost:3000/es/usa/doral-fl color: rgb(120, 120, 120) color: inherit {o: http://localhost:3000/es/usa/doral-fl, sv: 0.1.3, sdkn: @vercel/analytics/next, sdkv: 2.0.1, ts: 1782670222403} /_vercel/insights/view @ http://localhost:3000/_next/static/chunks/19by_next_dist_09-gqi0._.js:2477
[     562ms] [LOG] %c[Vercel Speed Insights]%c Debug mode is enabled by default in development. No requests will be sent to the server. color: rgb(120, 120, 120) color: inherit @ http://localhost:3000/_next/static/chunks/19by_next_dist_09-gqi0._.js:2477
[  161795ms] [LOG] [Fast Refresh] rebuilding @ http://localhost:3000/_next/static/chunks/19by_next_dist_09-gqi0._.js:2477
[  161795ms] [LOG] [Fast Refresh] done in 110ms @ http://localhost:3000/_next/static/chunks/19by_next_dist_09-gqi0._.js:2477
[  161889ms] [LOG] %c[Vercel Speed Insights]%c [vitals] color: rgb(120, 120, 120) color: inherit {speed: 3g, metrics: Array(3), scriptVersion: 0.1.3, sdkName: @vercel/speed-insights/next, sdkVersion: 2.0.0} /_vercel/speed-insights/vitals @ http://localhost:3000/_next/static/chunks/19by_next_dist_09-gqi0._.js:2477
[  161890ms] [LOG] %c[Vercel Speed Insights]%c [vitals] color: rgb(120, 120, 120) color: inherit {speed: 3g, metrics: Array(1), scriptVersion: 0.1.3, sdkName: @vercel/speed-insights/next, sdkVersion: 2.0.0} /_vercel/speed-insights/vitals @ http://localhost:3000/_next/static/chunks/19by_next_dist_09-gqi0._.js:2477
[  161973ms] [INFO] %cDownload the React DevTools for a better development experience: https://react.dev/link/react-devtools font-weight:bold @ http://localhost:3000/_next/static/chunks/19by_next_dist_09-gqi0._.js:2477
[  162005ms] [LOG] [HMR] connected @ http://localhost:3000/_next/static/chunks/19by_next_dist_09-gqi0._.js:2477
[  162087ms] [LOG] %c[Vercel Web Analytics]%c Debug mode is enabled by default in development. No requests will be sent to the server. color: rgb(120, 120, 120) color: inherit @ http://localhost:3000/_next/static/chunks/19by_next_dist_09-gqi0._.js:2477
[  162088ms] [LOG] %c[Vercel Web Analytics]%c Running queued event color: rgb(120, 120, 120) color: inherit pageview {route: /[locale]/[country]/[city], path: /es/usa/doral-fl} @ http://localhost:3000/_next/static/chunks/19by_next_dist_09-gqi0._.js:2477
[  162088ms] [LOG] %c[Vercel Web Analytics]%c [view] http://localhost:3000/es/usa/doral-fl color: rgb(120, 120, 120) color: inherit {o: http://localhost:3000/es/usa/doral-fl, sv: 0.1.3, sdkn: @vercel/analytics/next, sdkv: 2.0.1, ts: 1782670383930} /_vercel/insights/view @ http://localhost:3000/_next/static/chunks/19by_next_dist_09-gqi0._.js:2477
[  162089ms] [LOG] %c[Vercel Speed Insights]%c Debug mode is enabled by default in development. No requests will be sent to the server. color: rgb(120, 120, 120) color: inherit @ http://localhost:3000/_next/static/chunks/19by_next_dist_09-gqi0._.js:2477
[  188726ms] [LOG] %c[Vercel Speed Insights]%c [vitals] color: rgb(120, 120, 120) color: inherit {speed: 3g, metrics: Array(5), scriptVersion: 0.1.3, sdkName: @vercel/speed-insights/next, sdkVersion: 2.0.0} /_vercel/speed-insights/vitals @ http://localhost:3000/_next/static/chunks/19by_next_dist_09-gqi0._.js:2477
[  188727ms] [LOG] %c[Vercel Speed Insights]%c [vitals] color: rgb(120, 120, 120) color: inherit {speed: 3g, metrics: Array(1), scriptVersion: 0.1.3, sdkName: @vercel/speed-insights/next, sdkVersion: 2.0.0} /_vercel/speed-insights/vitals @ http://localhost:3000/_next/static/chunks/19by_next_dist_09-gqi0._.js:2477
[  188765ms] [INFO] %cDownload the React DevTools for a better development experience: https://react.dev/link/react-devtools font-weight:bold @ http://localhost:3000/_next/static/chunks/19by_next_dist_09-gqi0._.js:2477
[  188802ms] [LOG] [HMR] connected @ http://localhost:3000/_next/static/chunks/19by_next_dist_09-gqi0._.js:2477
[  188840ms] [LOG] %c[Vercel Web Analytics]%c Debug mode is enabled by default in development. No requests will be sent to the server. color: rgb(120, 120, 120) color: inherit @ http://localhost:3000/_next/static/chunks/19by_next_dist_09-gqi0._.js:2477
[  188840ms] [LOG] %c[Vercel Web Analytics]%c Running queued event color: rgb(120, 120, 120) color: inherit pageview {route: /[locale], path: /es} @ http://localhost:3000/_next/static/chunks/19by_next_dist_09-gqi0._.js:2477
[  188841ms] [LOG] %c[Vercel Web Analytics]%c [view] http://localhost:3000/es color: rgb(120, 120, 120) color: inherit {o: http://localhost:3000/es, sv: 0.1.3, sdkn: @vercel/analytics/next, sdkv: 2.0.1, ts: 1782670410683} /_vercel/insights/view @ http://localhost:3000/_next/static/chunks/19by_next_dist_09-gqi0._.js:2477
[  188841ms] [LOG] %c[Vercel Speed Insights]%c Debug mode is enabled by default in development. No requests will be sent to the server. color: rgb(120, 120, 120) color: inherit @ http://localhost:3000/_next/static/chunks/19by_next_dist_09-gqi0._.js:2477
[  190400ms] [LOG] %c[Vercel Speed Insights]%c [vitals] color: rgb(120, 120, 120) color: inherit {speed: 3g, metrics: Array(4), scriptVersion: 0.1.3, sdkName: @vercel/speed-insights/next, sdkVersion: 2.0.0} /_vercel/speed-insights/vitals @ http://localhost:3000/_next/static/chunks/19by_next_dist_09-gqi0._.js:2477
[  190419ms] [LOG] %c[Vercel Web Analytics]%c [view] http://localhost:3000/es/brazil color: rgb(120, 120, 120) color: inherit {o: http://localhost:3000/es/brazil, sv: 0.1.3, sdkn: @vercel/analytics/next, sdkv: 2.0.1, ts: 1782670412257} /_vercel/insights/view @ http://localhost:3000/_next/static/chunks/19by_next_dist_09-gqi0._.js:2477
[  192920ms] [LOG] %c[Vercel Web Analytics]%c [view] http://localhost:3000/es color: rgb(120, 120, 120) color: inherit {o: http://localhost:3000/es, sv: 0.1.3, sdkn: @vercel/analytics/next, sdkv: 2.0.1, ts: 1782670414760} /_vercel/insights/view @ http://localhost:3000/_next/static/chunks/19by_next_dist_09-gqi0._.js:2477
[  200061ms] [LOG] [Fast Refresh] rebuilding @ http://localhost:3000/_next/static/chunks/19by_next_dist_09-gqi0._.js:2477
[  200319ms] [LOG] [Fast Refresh] done in 352ms @ http://localhost:3000/_next/static/chunks/19by_next_dist_09-gqi0._.js:2477
[  200562ms] [LOG] [Fast Refresh] rebuilding @ http://localhost:3000/_next/static/chunks/19by_next_dist_09-gqi0._.js:2477
[  200795ms] [LOG] [Fast Refresh] done in 338ms @ http://localhost:3000/_next/static/chunks/19by_next_dist_09-gqi0._.js:2477
[  214502ms] [LOG] [Fast Refresh] rebuilding @ http://localhost:3000/_next/static/chunks/19by_next_dist_09-gqi0._.js:2477
[  214602ms] [LOG] [Fast Refresh] done in 204ms @ http://localhost:3000/_next/static/chunks/19by_next_dist_09-gqi0._.js:2477
[  214829ms] [LOG] [Fast Refresh] rebuilding @ http://localhost:3000/_next/static/chunks/19by_next_dist_09-gqi0._.js:2477
[  215015ms] [LOG] [Fast Refresh] done in 291ms @ http://localhost:3000/_next/static/chunks/19by_next_dist_09-gqi0._.js:2477
