[     127ms] [LOG] [Fast Refresh] rebuilding @ http://localhost:3000/_next/static/chunks/19by_next_dist_09-gqi0._.js:2477
[     450ms] [LOG] [Fast Refresh] done in 425ms @ http://localhost:3000/_next/static/chunks/19by_next_dist_09-gqi0._.js:2477
[     523ms] [LOG] %c[Vercel Speed Insights]%c [vitals] color: rgb(120, 120, 120) color: inherit {speed: 3g, metrics: Array(1), scriptVersion: 0.1.3, sdkName: @vercel/speed-insights/next, sdkVersion: 2.0.0} /_vercel/speed-insights/vitals @ http://localhost:3000/_next/static/chunks/19by_next_dist_09-gqi0._.js:2477
[     524ms] [LOG] %c[Vercel Speed Insights]%c [vitals] color: rgb(120, 120, 120) color: inherit {speed: 3g, metrics: Array(1), scriptVersion: 0.1.3, sdkName: @vercel/speed-insights/next, sdkVersion: 2.0.0} /_vercel/speed-insights/vitals @ http://localhost:3000/_next/static/chunks/19by_next_dist_09-gqi0._.js:2477
[     624ms] [INFO] %cDownload the React DevTools for a better development experience: https://react.dev/link/react-devtools font-weight:bold @ http://localhost:3000/_next/static/chunks/19by_next_dist_09-gqi0._.js:2477
[     662ms] [LOG] [HMR] connected @ http://localhost:3000/_next/static/chunks/19by_next_dist_09-gqi0._.js:2477
[     684ms] [WARNING] %c%s%c ⚠ metadataBase property in metadata export is not set for resolving social open graph or twitter images, using "http://localhost:3000". See https://nextjs.org/docs/app/api-reference/functions/generate-metadata#metadatabase background: #e6e6e6;background: light-dark(rgba(0,0,0,0.1), rgba(255,255,255,0.25));color: #000000;color: light-dark(#000000, #ffffff);border-radius: 2px  Server   @ http://localhost:3000/_next/static/chunks/19by_next_dist_09-gqi0._.js:2477
[     793ms] [ERROR] In HTML, %s cannot be a descendant of <%s>.
This will cause a hydration error.%s <a> a 

  ...
    <RedirectBoundary>
      <RedirectErrorBoundary router={{...}}>
        <InnerLayoutRouter url="/es/usa/do..." tree={[...]} params={{locale:"es", ...}} cacheNode={{rsc:{...}, ...}} ...>
          <SegmentViewNode type="page" pagePath="[locale]/[...">
            <SegmentTrieNode>
            <CityPage>
              <main className="min-h-scre...">
                <div>
                <div>
                <ActionCard category="FIND_FAMILY" resources={[...]} locale="es">
                  <div>
                    <div>
                    <button>
                    <div>
                      <ResourceLink resource={{id:"cmqy34...", ...}} locale="es">
                        <div className="border-b b...">
                          <LinkComponent href="/es/recurs..." className="flex items...">
>                           <a
>                             className="flex items-start justify-between gap-3 py-3.5 px-5 group hover:bg-[rgba(20,20..."
>                             ref={function}
>                             onClick={function onClick}
>                             onMouseEnter={function onMouseEnter}
>                             onTouchStart={function onTouchStart}
>                             href="/es/recursos/cmqy34lug000h11qczcnd0hur"
>                           >
                              <div className="flex-1 min...">
                                <p>
                                <p>
                                <div className="flex items...">
                                  <span>
>                                 <a
>                                   href="https://venezuelatebusca.com"
>                                   target="_blank"
>                                   rel="noopener noreferrer"
>                                   className="font-sans text-[12px] text-caribe font-medium hover:underline"
>                                   onClick={function onClick}
>                                 >
                              ...
                      ...
                ...
                ...
          ...
        ...
 @ http://localhost:3000/_next/static/chunks/19by_next_dist_09-gqi0._.js:3318
[     794ms] [ERROR] <%s> cannot contain a nested %s.
See this log for the ancestor stack trace. a <a> @ http://localhost:3000/_next/static/chunks/19by_next_dist_09-gqi0._.js:3318
[     833ms] Error: Hydration failed because the server rendered HTML didn't match the client. As a result this tree will be regenerated on the client. This can happen if a SSR-ed Client Component used:

- A server/client branch `if (typeof window !== 'undefined')`.
- Variable input such as `Date.now()` or `Math.random()` which changes each time it's called.
- Date formatting in a user's locale which doesn't match the server.
- External changing data without sending a snapshot of it along with the HTML.
- Invalid HTML tag nesting.

It can also happen if the client has a browser extension installed which messes with the HTML before React loaded.

https://react.dev/link/hydration-mismatch

  ...
    <RedirectErrorBoundary router={{...}}>
      <InnerLayoutRouter url="/es/usa/do..." tree={[...]} params={{locale:"es", ...}} cacheNode={{rsc:{...}, ...}} ...>
        <SegmentViewNode type="page" pagePath="[locale]/[...">
          <SegmentTrieNode>
          <CityPage>
            <main className="min-h-scre...">
              <div>
              <div>
              <ActionCard category="FIND_FAMILY" resources={[...]} locale="es">
                <div>
                  <div>
                  <button>
                  <div>
                    <ResourceLink resource={{id:"cmqy34...", ...}} locale="es">
                      <div className="border-b b...">
                        <LinkComponent href="/es/recurs..." className="flex items...">
                          <a className="flex items..." ref={function} onClick={function onClick} ...>
+                           <div className="flex-1 min-w-0">
                            ...
                    ...
              ...
              ...
        ...
      ...

    at throwOnHydrationMismatch (http://localhost:3000/_next/static/chunks/19by_next_dist_compiled_react-dom_1h01rug._.js:3318:56)
    at beginWork (http://localhost:3000/_next/static/chunks/19by_next_dist_compiled_react-dom_1h01rug._.js:6758:918)
    at runWithFiberInDEV (http://localhost:3000/_next/static/chunks/19by_next_dist_compiled_react-dom_1h01rug._.js:965:74)
    at performUnitOfWork (http://localhost:3000/_next/static/chunks/19by_next_dist_compiled_react-dom_1h01rug._.js:9555:97)
    at workLoopConcurrentByScheduler (http://localhost:3000/_next/static/chunks/19by_next_dist_compiled_react-dom_1h01rug._.js:9551:58)
    at renderRootConcurrent (http://localhost:3000/_next/static/chunks/19by_next_dist_compiled_react-dom_1h01rug._.js:9534:71)
    at performWorkOnRoot (http://localhost:3000/_next/static/chunks/19by_next_dist_compiled_react-dom_1h01rug._.js:9061:150)
    at performWorkOnRootViaSchedulerTask (http://localhost:3000/_next/static/chunks/19by_next_dist_compiled_react-dom_1h01rug._.js:10255:9)
    at MessagePort.performWorkUntilDeadline (http://localhost:3000/_next/static/chunks/19by_next_dist_compiled_0xc277l._.js:2647:64)
[     909ms] [LOG] %c[Vercel Web Analytics]%c Debug mode is enabled by default in development. No requests will be sent to the server. color: rgb(120, 120, 120) color: inherit @ http://localhost:3000/_next/static/chunks/19by_next_dist_09-gqi0._.js:2477
[     909ms] [LOG] %c[Vercel Web Analytics]%c Running queued event color: rgb(120, 120, 120) color: inherit pageview {route: /[locale]/[country]/[city], path: /es/usa/doral-fl} @ http://localhost:3000/_next/static/chunks/19by_next_dist_09-gqi0._.js:2477
[     910ms] [LOG] %c[Vercel Web Analytics]%c Running queued event color: rgb(120, 120, 120) color: inherit pageview {route: /[locale]/[country]/[city], path: /es/usa/doral-fl} @ http://localhost:3000/_next/static/chunks/19by_next_dist_09-gqi0._.js:2477
[     911ms] [LOG] %c[Vercel Web Analytics]%c [view] http://localhost:3000/es/usa/doral-fl color: rgb(120, 120, 120) color: inherit {o: http://localhost:3000/es/usa/doral-fl, sv: 0.1.3, sdkn: @vercel/analytics/next, sdkv: 2.0.1, ts: 1782670441689} /_vercel/insights/view @ http://localhost:3000/_next/static/chunks/19by_next_dist_09-gqi0._.js:2477
[     911ms] [LOG] %c[Vercel Web Analytics]%c [view] http://localhost:3000/es/usa/doral-fl color: rgb(120, 120, 120) color: inherit {o: http://localhost:3000/es/usa/doral-fl, sv: 0.1.3, sdkn: @vercel/analytics/next, sdkv: 2.0.1, ts: 1782670441690} /_vercel/insights/view @ http://localhost:3000/_next/static/chunks/19by_next_dist_09-gqi0._.js:2477
[     914ms] [LOG] %c[Vercel Speed Insights]%c Debug mode is enabled by default in development. No requests will be sent to the server. color: rgb(120, 120, 120) color: inherit @ http://localhost:3000/_next/static/chunks/19by_next_dist_09-gqi0._.js:2477
[     979ms] [LOG] [Fast Refresh] rebuilding @ http://localhost:3000/_next/static/chunks/19by_next_dist_09-gqi0._.js:2477
[    1007ms] [LOG] [Fast Refresh] done in 129ms @ http://localhost:3000/_next/static/chunks/19by_next_dist_09-gqi0._.js:2477
[   16353ms] [LOG] %c[Vercel Speed Insights]%c [vitals] color: rgb(120, 120, 120) color: inherit {speed: 3g, metrics: Array(4), scriptVersion: 0.1.3, sdkName: @vercel/speed-insights/next, sdkVersion: 2.0.0} /_vercel/speed-insights/vitals @ http://localhost:3000/_next/static/chunks/19by_next_dist_09-gqi0._.js:2477
[   16388ms] [LOG] %c[Vercel Web Analytics]%c [view] http://localhost:3000/es/recursos/cmqy34lug000h11qczcnd0hur color: rgb(120, 120, 120) color: inherit {o: http://localhost:3000/es/recursos/cmqy34lug000h11qczcnd0hur, sv: 0.1.3, sdkn: @vercel/analytics/next, sdkv: 2.0.1, ts: 1782670457164} /_vercel/insights/view @ http://localhost:3000/_next/static/chunks/19by_next_dist_09-gqi0._.js:2477
[   24454ms] [LOG] %c[Vercel Web Analytics]%c [view] http://localhost:3000/es/usa/doral-fl color: rgb(120, 120, 120) color: inherit {o: http://localhost:3000/es/usa/doral-fl, sv: 0.1.3, sdkn: @vercel/analytics/next, sdkv: 2.0.1, ts: 1782670465232} /_vercel/insights/view @ http://localhost:3000/_next/static/chunks/19by_next_dist_09-gqi0._.js:2477
[   25373ms] [LOG] %c[Vercel Web Analytics]%c [view] http://localhost:3000/es/recursos/cmqy34ltu000011qc7u61oy88 color: rgb(120, 120, 120) color: inherit {o: http://localhost:3000/es/recursos/cmqy34ltu000011qc7u61oy88, sv: 0.1.3, sdkn: @vercel/analytics/next, sdkv: 2.0.1, ts: 1782670466151} /_vercel/insights/view @ http://localhost:3000/_next/static/chunks/19by_next_dist_09-gqi0._.js:2477
[   31389ms] [LOG] %c[Vercel Web Analytics]%c [view] http://localhost:3000/es/usa/doral-fl color: rgb(120, 120, 120) color: inherit {o: http://localhost:3000/es/usa/doral-fl, sv: 0.1.3, sdkn: @vercel/analytics/next, sdkv: 2.0.1, ts: 1782670472167} /_vercel/insights/view @ http://localhost:3000/_next/static/chunks/19by_next_dist_09-gqi0._.js:2477
[   39409ms] [LOG] [Fast Refresh] rebuilding @ http://localhost:3000/_next/static/chunks/19by_next_dist_09-gqi0._.js:2477
[   39554ms] [LOG] [Fast Refresh] done in 235ms @ http://localhost:3000/_next/static/chunks/19by_next_dist_09-gqi0._.js:2477
[   39778ms] [LOG] [Fast Refresh] rebuilding @ http://localhost:3000/_next/static/chunks/19by_next_dist_09-gqi0._.js:2477
[   39989ms] [LOG] [Fast Refresh] done in 318ms @ http://localhost:3000/_next/static/chunks/19by_next_dist_09-gqi0._.js:2477
[   40028ms] [WARNING] %c%s%c ⚠ metadataBase property in metadata export is not set for resolving social open graph or twitter images, using "http://localhost:3000". See https://nextjs.org/docs/app/api-reference/functions/generate-metadata#metadatabase background: #e6e6e6;background: light-dark(rgba(0,0,0,0.1), rgba(255,255,255,0.25));color: #000000;color: light-dark(#000000, #ffffff);border-radius: 2px  Server   @ http://localhost:3000/_next/static/chunks/19by_next_dist_09-gqi0._.js:2477
