[     130ms] [LOG] [Fast Refresh] rebuilding @ http://localhost:3000/_next/static/chunks/19by_next_dist_09-gqi0._.js:2477
[     181ms] [LOG] [Fast Refresh] done in 153ms @ http://localhost:3000/_next/static/chunks/19by_next_dist_09-gqi0._.js:2477
[     224ms] [LOG] %c[Vercel Speed Insights]%c [vitals] color: rgb(120, 120, 120) color: inherit {speed: 3g, metrics: Array(1), scriptVersion: 0.1.3, sdkName: @vercel/speed-insights/next, sdkVersion: 2.0.0} /_vercel/speed-insights/vitals @ http://localhost:3000/_next/static/chunks/19by_next_dist_09-gqi0._.js:2477
[     225ms] [LOG] %c[Vercel Speed Insights]%c [vitals] color: rgb(120, 120, 120) color: inherit {speed: 3g, metrics: Array(1), scriptVersion: 0.1.3, sdkName: @vercel/speed-insights/next, sdkVersion: 2.0.0} /_vercel/speed-insights/vitals @ http://localhost:3000/_next/static/chunks/19by_next_dist_09-gqi0._.js:2477
[     352ms] [INFO] %cDownload the React DevTools for a better development experience: https://react.dev/link/react-devtools font-weight:bold @ http://localhost:3000/_next/static/chunks/19by_next_dist_09-gqi0._.js:2477
[     382ms] [LOG] [HMR] connected @ http://localhost:3000/_next/static/chunks/19by_next_dist_09-gqi0._.js:2477
[     485ms] [LOG] %c[Vercel Web Analytics]%c Debug mode is enabled by default in development. No requests will be sent to the server. color: rgb(120, 120, 120) color: inherit @ http://localhost:3000/_next/static/chunks/19by_next_dist_09-gqi0._.js:2477
[     485ms] [LOG] %c[Vercel Web Analytics]%c Running queued event color: rgb(120, 120, 120) color: inherit pageview {route: /[locale]/[country], path: /es/colombia} @ http://localhost:3000/_next/static/chunks/19by_next_dist_09-gqi0._.js:2477
[     485ms] [LOG] %c[Vercel Web Analytics]%c [view] http://localhost:3000/es/colombia color: rgb(120, 120, 120) color: inherit {o: http://localhost:3000/es/colombia, sv: 0.1.3, sdkn: @vercel/analytics/next, sdkv: 2.0.1, ts: 1782669805972} /_vercel/insights/view @ http://localhost:3000/_next/static/chunks/19by_next_dist_09-gqi0._.js:2477
[     487ms] [LOG] %c[Vercel Speed Insights]%c Debug mode is enabled by default in development. No requests will be sent to the server. color: rgb(120, 120, 120) color: inherit @ http://localhost:3000/_next/static/chunks/19by_next_dist_09-gqi0._.js:2477
[    2516ms] [LOG] %c[Vercel Speed Insights]%c [vitals] color: rgb(120, 120, 120) color: inherit {speed: 3g, metrics: Array(5), scriptVersion: 0.1.3, sdkName: @vercel/speed-insights/next, sdkVersion: 2.0.0} /_vercel/speed-insights/vitals @ http://localhost:3000/_next/static/chunks/19by_next_dist_09-gqi0._.js:2477
[    2517ms] [LOG] %c[Vercel Speed Insights]%c [vitals] color: rgb(120, 120, 120) color: inherit {speed: 3g, metrics: Array(1), scriptVersion: 0.1.3, sdkName: @vercel/speed-insights/next, sdkVersion: 2.0.0} /_vercel/speed-insights/vitals @ http://localhost:3000/_next/static/chunks/19by_next_dist_09-gqi0._.js:2477
[    2540ms] [INFO] %cDownload the React DevTools for a better development experience: https://react.dev/link/react-devtools font-weight:bold @ http://localhost:3000/_next/static/chunks/19by_next_dist_09-gqi0._.js:2477
[    2569ms] [LOG] [HMR] connected @ http://localhost:3000/_next/static/chunks/19by_next_dist_09-gqi0._.js:2477
[    2629ms] [LOG] %c[Vercel Web Analytics]%c Debug mode is enabled by default in development. No requests will be sent to the server. color: rgb(120, 120, 120) color: inherit @ http://localhost:3000/_next/static/chunks/19by_next_dist_09-gqi0._.js:2477
[    2629ms] [LOG] %c[Vercel Web Analytics]%c Running queued event color: rgb(120, 120, 120) color: inherit pageview {route: /[locale], path: /es} @ http://localhost:3000/_next/static/chunks/19by_next_dist_09-gqi0._.js:2477
[    2630ms] [LOG] %c[Vercel Web Analytics]%c [view] http://localhost:3000/es color: rgb(120, 120, 120) color: inherit {o: http://localhost:3000/es, sv: 0.1.3, sdkn: @vercel/analytics/next, sdkv: 2.0.1, ts: 1782669808116} /_vercel/insights/view @ http://localhost:3000/_next/static/chunks/19by_next_dist_09-gqi0._.js:2477
[    2630ms] [LOG] %c[Vercel Speed Insights]%c Debug mode is enabled by default in development. No requests will be sent to the server. color: rgb(120, 120, 120) color: inherit @ http://localhost:3000/_next/static/chunks/19by_next_dist_09-gqi0._.js:2477
[    5472ms] [LOG] %c[Vercel Speed Insights]%c [vitals] color: rgb(120, 120, 120) color: inherit {speed: 3g, metrics: Array(4), scriptVersion: 0.1.3, sdkName: @vercel/speed-insights/next, sdkVersion: 2.0.0} /_vercel/speed-insights/vitals @ http://localhost:3000/_next/static/chunks/19by_next_dist_09-gqi0._.js:2477
[    5485ms] [LOG] %c[Vercel Web Analytics]%c [view] http://localhost:3000/es/usa color: rgb(120, 120, 120) color: inherit {o: http://localhost:3000/es/usa, sv: 0.1.3, sdkn: @vercel/analytics/next, sdkv: 2.0.1, ts: 1782669810970} /_vercel/insights/view @ http://localhost:3000/_next/static/chunks/19by_next_dist_09-gqi0._.js:2477
[    7561ms] [LOG] %c[Vercel Web Analytics]%c [view] http://localhost:3000/es/usa/doral-fl color: rgb(120, 120, 120) color: inherit {o: http://localhost:3000/es/usa/doral-fl, sv: 0.1.3, sdkn: @vercel/analytics/next, sdkv: 2.0.1, ts: 1782669813046} /_vercel/insights/view @ http://localhost:3000/_next/static/chunks/19by_next_dist_09-gqi0._.js:2477
[   10141ms] [LOG] %c[Vercel Web Analytics]%c [view] http://localhost:3000/es/usa color: rgb(120, 120, 120) color: inherit {o: http://localhost:3000/es/usa, sv: 0.1.3, sdkn: @vercel/analytics/next, sdkv: 2.0.1, ts: 1782669815626} /_vercel/insights/view @ http://localhost:3000/_next/static/chunks/19by_next_dist_09-gqi0._.js:2477
[   11384ms] [LOG] %c[Vercel Web Analytics]%c [view] http://localhost:3000/es/usa/doral-fl color: rgb(120, 120, 120) color: inherit {o: http://localhost:3000/es/usa/doral-fl, sv: 0.1.3, sdkn: @vercel/analytics/next, sdkv: 2.0.1, ts: 1782669816868} /_vercel/insights/view @ http://localhost:3000/_next/static/chunks/19by_next_dist_09-gqi0._.js:2477
[   38961ms] [LOG] %c[Vercel Web Analytics]%c [view] http://localhost:3000/es/usa color: rgb(120, 120, 120) color: inherit {o: http://localhost:3000/es/usa, sv: 0.1.3, sdkn: @vercel/analytics/next, sdkv: 2.0.1, ts: 1782669844445} /_vercel/insights/view @ http://localhost:3000/_next/static/chunks/19by_next_dist_09-gqi0._.js:2477
[   41169ms] [LOG] %c[Vercel Web Analytics]%c [view] http://localhost:3000/es/usa/miramar-fl color: rgb(120, 120, 120) color: inherit {o: http://localhost:3000/es/usa/miramar-fl, sv: 0.1.3, sdkn: @vercel/analytics/next, sdkv: 2.0.1, ts: 1782669846653} /_vercel/insights/view @ http://localhost:3000/_next/static/chunks/19by_next_dist_09-gqi0._.js:2477
[   46193ms] [LOG] %c[Vercel Web Analytics]%c [view] http://localhost:3000/es/usa color: rgb(120, 120, 120) color: inherit {o: http://localhost:3000/es/usa, sv: 0.1.3, sdkn: @vercel/analytics/next, sdkv: 2.0.1, ts: 1782669851679} /_vercel/insights/view @ http://localhost:3000/_next/static/chunks/19by_next_dist_09-gqi0._.js:2477
[   50693ms] [LOG] %c[Vercel Web Analytics]%c [view] http://localhost:3000/es color: rgb(120, 120, 120) color: inherit {o: http://localhost:3000/es, sv: 0.1.3, sdkn: @vercel/analytics/next, sdkv: 2.0.1, ts: 1782669856177} /_vercel/insights/view @ http://localhost:3000/_next/static/chunks/19by_next_dist_09-gqi0._.js:2477
[   51833ms] [LOG] %c[Vercel Web Analytics]%c [view] http://localhost:3000/es/brazil color: rgb(120, 120, 120) color: inherit {o: http://localhost:3000/es/brazil, sv: 0.1.3, sdkn: @vercel/analytics/next, sdkv: 2.0.1, ts: 1782669857318} /_vercel/insights/view @ http://localhost:3000/_next/static/chunks/19by_next_dist_09-gqi0._.js:2477
[   56341ms] [LOG] %c[Vercel Web Analytics]%c [view] http://localhost:3000/es color: rgb(120, 120, 120) color: inherit {o: http://localhost:3000/es, sv: 0.1.3, sdkn: @vercel/analytics/next, sdkv: 2.0.1, ts: 1782669861825} /_vercel/insights/view @ http://localhost:3000/_next/static/chunks/19by_next_dist_09-gqi0._.js:2477
[  127240ms] [LOG] %c[Vercel Web Analytics]%c [view] http://localhost:3000/es/spain color: rgb(120, 120, 120) color: inherit {o: http://localhost:3000/es/spain, sv: 0.1.3, sdkn: @vercel/analytics/next, sdkv: 2.0.1, ts: 1782669932724} /_vercel/insights/view @ http://localhost:3000/_next/static/chunks/19by_next_dist_09-gqi0._.js:2477
[  166152ms] [LOG] [Fast Refresh] rebuilding @ http://localhost:3000/_next/static/chunks/19by_next_dist_09-gqi0._.js:2477
[  166152ms] [LOG] [Fast Refresh] done in 109ms @ http://localhost:3000/_next/static/chunks/19by_next_dist_09-gqi0._.js:2477
[  188098ms] [LOG] %c[Vercel Web Analytics]%c [view] http://localhost:3000/es color: rgb(120, 120, 120) color: inherit {o: http://localhost:3000/es, sv: 0.1.3, sdkn: @vercel/analytics/next, sdkv: 2.0.1, ts: 1782669993582} /_vercel/insights/view @ http://localhost:3000/_next/static/chunks/19by_next_dist_09-gqi0._.js:2477
[  257936ms] [LOG] [Fast Refresh] rebuilding @ http://localhost:3000/_next/static/chunks/19by_next_dist_09-gqi0._.js:2477
[  257936ms] [LOG] [Fast Refresh] done in 102ms @ http://localhost:3000/_next/static/chunks/19by_next_dist_09-gqi0._.js:2477
[  280420ms] [LOG] [Fast Refresh] rebuilding @ http://localhost:3000/_next/static/chunks/19by_next_dist_09-gqi0._.js:2477
[  280421ms] [LOG] [Fast Refresh] done in 109ms @ http://localhost:3000/_next/static/chunks/19by_next_dist_09-gqi0._.js:2477
