[     141ms] [LOG] [Fast Refresh] rebuilding @ http://localhost:3000/_next/static/chunks/19by_next_dist_09-gqi0._.js:2477
[     164ms] [LOG] [Fast Refresh] done in 133ms @ http://localhost:3000/_next/static/chunks/19by_next_dist_09-gqi0._.js:2477
[     249ms] [LOG] %c[Vercel Speed Insights]%c [vitals] color: rgb(120, 120, 120) color: inherit {speed: 3g, metrics: Array(1), scriptVersion: 0.1.3, sdkName: @vercel/speed-insights/next, sdkVersion: 2.0.0} /_vercel/speed-insights/vitals @ http://localhost:3000/_next/static/chunks/19by_next_dist_09-gqi0._.js:2477
[     250ms] [LOG] %c[Vercel Speed Insights]%c [vitals] color: rgb(120, 120, 120) color: inherit {speed: 3g, metrics: Array(1), scriptVersion: 0.1.3, sdkName: @vercel/speed-insights/next, sdkVersion: 2.0.0} /_vercel/speed-insights/vitals @ http://localhost:3000/_next/static/chunks/19by_next_dist_09-gqi0._.js:2477
[     352ms] [INFO] %cDownload the React DevTools for a better development experience: https://react.dev/link/react-devtools font-weight:bold @ http://localhost:3000/_next/static/chunks/19by_next_dist_09-gqi0._.js:2477
[     391ms] [LOG] [HMR] connected @ http://localhost:3000/_next/static/chunks/19by_next_dist_09-gqi0._.js:2477
[     605ms] [LOG] %c[Vercel Web Analytics]%c Debug mode is enabled by default in development. No requests will be sent to the server. color: rgb(120, 120, 120) color: inherit @ http://localhost:3000/_next/static/chunks/19by_next_dist_09-gqi0._.js:2477
[     605ms] [LOG] %c[Vercel Web Analytics]%c Running queued event color: rgb(120, 120, 120) color: inherit pageview {route: /[locale]/[country], path: /es/spain} @ http://localhost:3000/_next/static/chunks/19by_next_dist_09-gqi0._.js:2477
[     606ms] [LOG] %c[Vercel Web Analytics]%c [view] http://localhost:3000/es/spain color: rgb(120, 120, 120) color: inherit {o: http://localhost:3000/es/spain, sv: 0.1.3, sdkn: @vercel/analytics/next, sdkv: 2.0.1, ts: 1782670635588} /_vercel/insights/view @ http://localhost:3000/_next/static/chunks/19by_next_dist_09-gqi0._.js:2477
[     607ms] [LOG] %c[Vercel Speed Insights]%c Debug mode is enabled by default in development. No requests will be sent to the server. color: rgb(120, 120, 120) color: inherit @ http://localhost:3000/_next/static/chunks/19by_next_dist_09-gqi0._.js:2477
[   11711ms] [LOG] %c[Vercel Speed Insights]%c [vitals] color: rgb(120, 120, 120) color: inherit {speed: 3g, metrics: Array(4), scriptVersion: 0.1.3, sdkName: @vercel/speed-insights/next, sdkVersion: 2.0.0} /_vercel/speed-insights/vitals @ http://localhost:3000/_next/static/chunks/19by_next_dist_09-gqi0._.js:2477
[   11731ms] [LOG] %c[Vercel Web Analytics]%c [view] http://localhost:3000/es/recursos/cmqwnm92v000h4l1vi1ff4qky color: rgb(120, 120, 120) color: inherit {o: http://localhost:3000/es/recursos/cmqwnm92v000h4l1vi1ff4qky, sv: 0.1.3, sdkn: @vercel/analytics/next, sdkv: 2.0.1, ts: 1782670646712} /_vercel/insights/view @ http://localhost:3000/_next/static/chunks/19by_next_dist_09-gqi0._.js:2477
[   22820ms] [LOG] %c[Vercel Web Analytics]%c [view] http://localhost:3000/es/spain color: rgb(120, 120, 120) color: inherit {o: http://localhost:3000/es/spain, sv: 0.1.3, sdkn: @vercel/analytics/next, sdkv: 2.0.1, ts: 1782670657799} /_vercel/insights/view @ http://localhost:3000/_next/static/chunks/19by_next_dist_09-gqi0._.js:2477
[   63134ms] [LOG] [Fast Refresh] rebuilding @ http://localhost:3000/_next/static/chunks/19by_next_dist_09-gqi0._.js:2477
[   63151ms] [LOG] [Fast Refresh] done in 126ms @ http://localhost:3000/_next/static/chunks/19by_next_dist_09-gqi0._.js:2477
[  627690ms] [LOG] [Fast Refresh] rebuilding @ http://localhost:3000/_next/static/chunks/19by_next_dist_09-gqi0._.js:2477
[  627913ms] [LOG] [Fast Refresh] done in 334ms @ http://localhost:3000/_next/static/chunks/19by_next_dist_09-gqi0._.js:2477
[  637344ms] [LOG] [Fast Refresh] rebuilding @ http://localhost:3000/_next/static/chunks/19by_next_dist_09-gqi0._.js:2477
[  638190ms] [LOG] [Fast Refresh] done in 962ms @ http://localhost:3000/_next/static/chunks/19by_next_dist_09-gqi0._.js:2477
[  651275ms] [LOG] [Fast Refresh] rebuilding @ http://localhost:3000/_next/static/chunks/19by_next_dist_09-gqi0._.js:2477
[  651955ms] [LOG] [Fast Refresh] done in 792ms @ http://localhost:3000/_next/static/chunks/19by_next_dist_09-gqi0._.js:2477
[  663846ms] [LOG] [Fast Refresh] rebuilding @ http://localhost:3000/_next/static/chunks/19by_next_dist_09-gqi0._.js:2477
[  664217ms] [LOG] [Fast Refresh] done in 482ms @ http://localhost:3000/_next/static/chunks/19by_next_dist_09-gqi0._.js:2477
[  692921ms] [LOG] [Fast Refresh] rebuilding @ http://localhost:3000/_next/static/chunks/19by_next_dist_09-gqi0._.js:2477
[  693468ms] [LOG] [Fast Refresh] done in 653ms @ http://localhost:3000/_next/static/chunks/19by_next_dist_09-gqi0._.js:2477
[  694858ms] [LOG] %c[Vercel Web Analytics]%c [view] http://localhost:3000/es color: rgb(120, 120, 120) color: inherit {o: http://localhost:3000/es, sv: 0.1.3, sdkn: @vercel/analytics/next, sdkv: 2.0.1, ts: 1782671329816} /_vercel/insights/view @ http://localhost:3000/_next/static/chunks/19by_next_dist_09-gqi0._.js:2477
[  697278ms] [LOG] [Fast Refresh] rebuilding @ http://localhost:3000/_next/static/chunks/19by_next_dist_09-gqi0._.js:2477
[  701615ms] [LOG] [Fast Refresh] done in 4444ms @ http://localhost:3000/_next/static/chunks/19by_next_dist_09-gqi0._.js:2477
[  710804ms] [LOG] [Fast Refresh] rebuilding @ http://localhost:3000/_next/static/chunks/19by_next_dist_09-gqi0._.js:2477
[  711633ms] [LOG] [Fast Refresh] done in 940ms @ http://localhost:3000/_next/static/chunks/19by_next_dist_09-gqi0._.js:2477
[  711747ms] [LOG] [Fast Refresh] rebuilding @ http://localhost:3000/_next/static/chunks/19by_next_dist_09-gqi0._.js:2477
[  712944ms] [LOG] [Fast Refresh] done in 1298ms @ http://localhost:3000/_next/static/chunks/19by_next_dist_09-gqi0._.js:2477
