[     134ms] [LOG] [Fast Refresh] rebuilding @ http://localhost:3000/_next/static/chunks/19by_next_dist_09-gqi0._.js:2477
[     258ms] [LOG] [Fast Refresh] done in 230ms @ http://localhost:3000/_next/static/chunks/19by_next_dist_09-gqi0._.js:2477
[     297ms] [LOG] %c[Vercel Speed Insights]%c [vitals] color: rgb(120, 120, 120) color: inherit {speed: 3g, metrics: Array(1), scriptVersion: 0.1.3, sdkName: @vercel/speed-insights/next, sdkVersion: 2.0.0} /_vercel/speed-insights/vitals @ http://localhost:3000/_next/static/chunks/19by_next_dist_09-gqi0._.js:2477
[     298ms] [LOG] %c[Vercel Speed Insights]%c [vitals] color: rgb(120, 120, 120) color: inherit {speed: 3g, metrics: Array(1), scriptVersion: 0.1.3, sdkName: @vercel/speed-insights/next, sdkVersion: 2.0.0} /_vercel/speed-insights/vitals @ http://localhost:3000/_next/static/chunks/19by_next_dist_09-gqi0._.js:2477
[     363ms] [INFO] %cDownload the React DevTools for a better development experience: https://react.dev/link/react-devtools font-weight:bold @ http://localhost:3000/_next/static/chunks/19by_next_dist_09-gqi0._.js:2477
[     393ms] [LOG] [HMR] connected @ http://localhost:3000/_next/static/chunks/19by_next_dist_09-gqi0._.js:2477
[     496ms] [LOG] %c[Vercel Web Analytics]%c Debug mode is enabled by default in development. No requests will be sent to the server. color: rgb(120, 120, 120) color: inherit @ http://localhost:3000/_next/static/chunks/19by_next_dist_09-gqi0._.js:2477
[     496ms] [LOG] %c[Vercel Web Analytics]%c Running queued event color: rgb(120, 120, 120) color: inherit pageview {route: /[locale]/[country], path: /es/colombia} @ http://localhost:3000/_next/static/chunks/19by_next_dist_09-gqi0._.js:2477
[     497ms] [LOG] %c[Vercel Web Analytics]%c [view] http://localhost:3000/es/colombia color: rgb(120, 120, 120) color: inherit {o: http://localhost:3000/es/colombia, sv: 0.1.3, sdkn: @vercel/analytics/next, sdkv: 2.0.1, ts: 1782670510401} /_vercel/insights/view @ http://localhost:3000/_next/static/chunks/19by_next_dist_09-gqi0._.js:2477
[     498ms] [LOG] %c[Vercel Speed Insights]%c Debug mode is enabled by default in development. No requests will be sent to the server. color: rgb(120, 120, 120) color: inherit @ http://localhost:3000/_next/static/chunks/19by_next_dist_09-gqi0._.js:2477
[   17050ms] [LOG] %c[Vercel Speed Insights]%c [vitals] color: rgb(120, 120, 120) color: inherit {speed: 3g, metrics: Array(4), scriptVersion: 0.1.3, sdkName: @vercel/speed-insights/next, sdkVersion: 2.0.0} /_vercel/speed-insights/vitals @ http://localhost:3000/_next/static/chunks/19by_next_dist_09-gqi0._.js:2477
[   17077ms] [LOG] %c[Vercel Web Analytics]%c [view] http://localhost:3000/es/colombia/bucaramanga color: rgb(120, 120, 120) color: inherit {o: http://localhost:3000/es/colombia/bucaramanga, sv: 0.1.3, sdkn: @vercel/analytics/next, sdkv: 2.0.1, ts: 1782670526979} /_vercel/insights/view @ http://localhost:3000/_next/static/chunks/19by_next_dist_09-gqi0._.js:2477
[   21970ms] [LOG] %c[Vercel Web Analytics]%c [view] http://localhost:3000/es/colombia color: rgb(120, 120, 120) color: inherit {o: http://localhost:3000/es/colombia, sv: 0.1.3, sdkn: @vercel/analytics/next, sdkv: 2.0.1, ts: 1782670531872} /_vercel/insights/view @ http://localhost:3000/_next/static/chunks/19by_next_dist_09-gqi0._.js:2477
[   22428ms] [LOG] %c[Vercel Web Analytics]%c [view] http://localhost:3000/es color: rgb(120, 120, 120) color: inherit {o: http://localhost:3000/es, sv: 0.1.3, sdkn: @vercel/analytics/next, sdkv: 2.0.1, ts: 1782670532331} /_vercel/insights/view @ http://localhost:3000/_next/static/chunks/19by_next_dist_09-gqi0._.js:2477
[   37716ms] [LOG] %c[Vercel Web Analytics]%c [view] http://localhost:3000/es/brazil color: rgb(120, 120, 120) color: inherit {o: http://localhost:3000/es/brazil, sv: 0.1.3, sdkn: @vercel/analytics/next, sdkv: 2.0.1, ts: 1782670547618} /_vercel/insights/view @ http://localhost:3000/_next/static/chunks/19by_next_dist_09-gqi0._.js:2477
[   43314ms] [LOG] %c[Vercel Web Analytics]%c [view] http://localhost:3000/es color: rgb(120, 120, 120) color: inherit {o: http://localhost:3000/es, sv: 0.1.3, sdkn: @vercel/analytics/next, sdkv: 2.0.1, ts: 1782670553216} /_vercel/insights/view @ http://localhost:3000/_next/static/chunks/19by_next_dist_09-gqi0._.js:2477
[   46629ms] [LOG] %c[Vercel Web Analytics]%c [view] http://localhost:3000/es/colombia color: rgb(120, 120, 120) color: inherit {o: http://localhost:3000/es/colombia, sv: 0.1.3, sdkn: @vercel/analytics/next, sdkv: 2.0.1, ts: 1782670556531} /_vercel/insights/view @ http://localhost:3000/_next/static/chunks/19by_next_dist_09-gqi0._.js:2477
[   48843ms] [LOG] %c[Vercel Web Analytics]%c [view] http://localhost:3000/es/colombia/santa-marta color: rgb(120, 120, 120) color: inherit {o: http://localhost:3000/es/colombia/santa-marta, sv: 0.1.3, sdkn: @vercel/analytics/next, sdkv: 2.0.1, ts: 1782670558744} /_vercel/insights/view @ http://localhost:3000/_next/static/chunks/19by_next_dist_09-gqi0._.js:2477
[   56682ms] [LOG] [Fast Refresh] rebuilding @ http://localhost:3000/_next/static/chunks/19by_next_dist_09-gqi0._.js:2477
[   56683ms] [LOG] [Fast Refresh] done in 102ms @ http://localhost:3000/_next/static/chunks/19by_next_dist_09-gqi0._.js:2477
[   56784ms] [LOG] %c[Vercel Web Analytics]%c [view] http://localhost:3000/es/recursos/cmqy34ltu000011qc7u61oy88 color: rgb(120, 120, 120) color: inherit {o: http://localhost:3000/es/recursos/cmqy34ltu000011qc7u61oy88, sv: 0.1.3, sdkn: @vercel/analytics/next, sdkv: 2.0.1, ts: 1782670566686} /_vercel/insights/view @ http://localhost:3000/_next/static/chunks/19by_next_dist_09-gqi0._.js:2477
[   60223ms] [LOG] %c[Vercel Web Analytics]%c [view] http://localhost:3000/es/colombia/santa-marta color: rgb(120, 120, 120) color: inherit {o: http://localhost:3000/es/colombia/santa-marta, sv: 0.1.3, sdkn: @vercel/analytics/next, sdkv: 2.0.1, ts: 1782670570126} /_vercel/insights/view @ http://localhost:3000/_next/static/chunks/19by_next_dist_09-gqi0._.js:2477
[   61049ms] [LOG] %c[Vercel Web Analytics]%c [view] http://localhost:3000/es/colombia color: rgb(120, 120, 120) color: inherit {o: http://localhost:3000/es/colombia, sv: 0.1.3, sdkn: @vercel/analytics/next, sdkv: 2.0.1, ts: 1782670570952} /_vercel/insights/view @ http://localhost:3000/_next/static/chunks/19by_next_dist_09-gqi0._.js:2477
[   63023ms] [LOG] %c[Vercel Web Analytics]%c [view] http://localhost:3000/es/colombia/bogota color: rgb(120, 120, 120) color: inherit {o: http://localhost:3000/es/colombia/bogota, sv: 0.1.3, sdkn: @vercel/analytics/next, sdkv: 2.0.1, ts: 1782670572926} /_vercel/insights/view @ http://localhost:3000/_next/static/chunks/19by_next_dist_09-gqi0._.js:2477
[   65656ms] [LOG] %c[Vercel Web Analytics]%c [view] http://localhost:3000/es/colombia color: rgb(120, 120, 120) color: inherit {o: http://localhost:3000/es/colombia, sv: 0.1.3, sdkn: @vercel/analytics/next, sdkv: 2.0.1, ts: 1782670575559} /_vercel/insights/view @ http://localhost:3000/_next/static/chunks/19by_next_dist_09-gqi0._.js:2477
[   67155ms] [LOG] %c[Vercel Web Analytics]%c [view] http://localhost:3000/es color: rgb(120, 120, 120) color: inherit {o: http://localhost:3000/es, sv: 0.1.3, sdkn: @vercel/analytics/next, sdkv: 2.0.1, ts: 1782670577058} /_vercel/insights/view @ http://localhost:3000/_next/static/chunks/19by_next_dist_09-gqi0._.js:2477
[   68654ms] [LOG] %c[Vercel Web Analytics]%c [view] http://localhost:3000/es/spain color: rgb(120, 120, 120) color: inherit {o: http://localhost:3000/es/spain, sv: 0.1.3, sdkn: @vercel/analytics/next, sdkv: 2.0.1, ts: 1782670578557} /_vercel/insights/view @ http://localhost:3000/_next/static/chunks/19by_next_dist_09-gqi0._.js:2477
[  114478ms] [LOG] %c[Vercel Web Analytics]%c [view] http://localhost:3000/es/recursos/cmqwnm92z000n4l1vqhy2y3rh color: rgb(120, 120, 120) color: inherit {o: http://localhost:3000/es/recursos/cmqwnm92z000n4l1vqhy2y3rh, sv: 0.1.3, sdkn: @vercel/analytics/next, sdkv: 2.0.1, ts: 1782670624381} /_vercel/insights/view @ http://localhost:3000/_next/static/chunks/19by_next_dist_09-gqi0._.js:2477
